


ARM Macro Assembler    Page 1 


    1 00000000 000000FF 
                       B1      EQU              0x000000FF
    2 00000000 00000000 
                       DIR     EQU              0
    3 00000000 00004800 
                       IMG_LENGTH
                               EQU              0x00004800
    4 00000000         
    5 00000000                 AREA             |.text|, CODE, READONLY, ALIGN=
2
    6 00000000                 THUMB
    7 00000000                 EXPORT           f_asm
    8 00000000                 IMPORT           bus
    9 00000000                 IMPORT           car
   10 00000000                 IMPORT           airplane
   11 00000000                 IMPORT           buffalo
   12 00000000                 EXTERN           flags
   13 00000000         
   14 00000000         f_asm
   15 00000000 E92D 0FFF       push             {r0-r11}
   16 00000004 4B4C            ldr              r3, =flags
   17 00000006 68DC            ldr              r4, [r3, #12]
   18 00000008 2C00            cmp              r4, #0
   19 0000000A D001            beq              load_bus
   20 0000000C 2C01            cmp              r4, #1
   21 0000000E D001            beq              load_plane
   22 00000010         
   23 00000010         load_bus
   24 00000010 484A            ldr              r0, =bus
   25 00000012 E001            b                setup
   26 00000014         
   27 00000014         load_plane
   28 00000014 484A            ldr              r0, =airplane
   29 00000016 E7FF            b                setup
   30 00000018         
   31 00000018         
   32 00000018         setup
   33 00000018 F04F 0900       mov              r9, #0
   34 0000001C 4682            mov              r10, r0
   35 0000001E F810 2F00       ldrb             r2, [r0, #0]!
   36 00000022 F04F 0100       mov              r1, #0
   37 00000026 F44F 4590       mov              r5, #IMG_LENGTH
   38 0000002A 781C            ldrb             r4, [r3, #0]
   39 0000002C 2C01            cmp              r4, #1
   40 0000002E D010            beq              revert_color
   41 00000030 7B1C            ldrb             r4, [r3, #12]
   42 00000032 2C00            cmp              r4,#0
   43 00000034 D001            beq              setup_car
   44 00000036 2C01            cmp              r4,#1
   45 00000038 D005            beq              setup_airplane
   46 0000003A         
   47 0000003A         setup_car
   48 0000003A 7A1C            ldrb             r4, [r3, #8]
   49 0000003C 2C00            cmp              r4, #0
   50 0000003E D078            beq              finish
   51 00000040 2C01            cmp              r4, #1
   52 00000042 D110            bne              speed_up
   53 00000044 E075            b                finish
   54 00000046         setup_airplane



ARM Macro Assembler    Page 2 


   55 00000046         
   56 00000046 7A1C            ldrb             r4, [r3, #8]
   57 00000048 2C00            cmp              r4, #0
   58 0000004A D072            beq              finish
   59 0000004C 2C01            cmp              r4, #1
   60 0000004E D137            bne              speed_up_airplane
   61 00000050 E06F            b                finish
   62 00000052         
   63 00000052         revert_color
   64 00000052 42A9            cmp              r1, r5
   65 00000054 DC6D            bgt              finish
   66 00000056 F082 02FF       eor              r2, B1
   67 0000005A 7002            strb             r2, [r0]
   68 0000005C F810 2F01       ldrb             r2, [r0, #1]!
   69 00000060 F101 0101       add              r1, r1, #1
   70 00000064 E7F5            b                revert_color
   71 00000066         
   72 00000066         
   73 00000066         speed_up
   74 00000066 4650            mov              r0, r10
   75 00000068 4B33            ldr              r3, =flags
   76 0000006A 791F            ldrb             r7, [r3, #4]
   77 0000006C 2F00            cmp              r7, #0
   78 0000006E BF19 1940       addne            r0, r0, r5
   79 00000072 1EC0            subne            r0, r0, #3
   80 00000074 7802            ldrbeq           r2, [r0]
   81 00000076 2100            moveq            r1, #0
   82 00000078 BF18 2101       movne            r1, #1
   83 0000007C 45A1            cmp              r9, r4
   84 0000007E D058            beq              finish
   85 00000080 F109 0901       add              r9, r9, #1
   86 00000084 E7FF            b                line_setup
   87 00000086         
   88 00000086         line_setup
   89 00000086 2F00            cmp              r7, #0
   90 00000088 BF0F F890 
              211D             ldrbeq           r2, [r0, #285]
   91 0000008E 2600            movne            r6, #0
   92 00000090 F2A6 161D       subne            r6, r6, #285
   93 00000094 5D82            ldrbne           r2, [r0, r6]
   94 00000096         
   95 00000096 F240 181D       mov              r8, #285
   96 0000009A F04F 0600       mov              r6, #0
   97 0000009E E7FF            b                move
   98 000000A0         
   99 000000A0         move
  100 000000A0 42A9            cmp              r1, r5
  101 000000A2 DCE0            bgt              speed_up
  102 000000A4 4546            cmp              r6, r8
  103 000000A6 DCEE            bgt              line_setup
  104 000000A8 7803            ldrb             r3, [r0]
  105 000000AA 7002            strb             r2, [r0]
  106 000000AC 461A            mov              r2, r3
  107 000000AE 2F00            cmp              r7, #0
  108 000000B0 BF0C 1CC0       addeq            r0, r0, #3
  109 000000B4 1EC0            subne            r0, r0, #3
  110 000000B6 F101 0103       add              r1, r1, #3
  111 000000BA F106 0603       add              r6, r6, #3
  112 000000BE E7EF            b                move



ARM Macro Assembler    Page 3 


  113 000000C0         
  114 000000C0         speed_up_airplane
  115 000000C0 4650            mov              r0, r10
  116 000000C2 4B1D            ldr              r3, =flags
  117 000000C4 791F            ldrb             r7, [r3, #4]
  118 000000C6         
  119 000000C6 BF04 7802       ldrbeq           r2, [r0]
  120 000000CA 2100            moveq            r1, #0
  121 000000CC 45A1            cmp              r9, r4
  122 000000CE D030            beq              finish
  123 000000D0 F109 0901       add              r9, r9, #1
  124 000000D4 F04F 0B00       mov              r11,#0
  125 000000D8 E7FF            b                row_setup_airplane
  126 000000DA         
  127 000000DA         row_setup_airplane
  128 000000DA         
  129 000000DA 4650            mov              r0,r10      ;VOLTA PARA O INICI
                                                            O DA IMAGEM
  130 000000DC 2F00            cmp              r7, #0
  131 000000DE BF1C F244 
              65E0             movne            r5, #0x46e0
  132 000000E4 1940            addne            r0, r0, r5
  133 000000E6 4458            add              r0,r0,r11   ;DISLOCA O PONTEIRO
                                                             NA QUANTIDADE DE C
                                                            OLUNAS JA TERMINADA
                                                            S
  134 000000E8 BF07 F244 
              66E0             moveq            r6, #0x46e0 ;ADICIONA O NUMERO 
                                                            DE ELEMENTOS ENTRE 
                                                            O ELEMENTO ATUAL E 
                                                            O ULTIMO DA COLUNA
  135 000000EE 5982            ldreq            r2, [r0,r6]
  136 000000F0 2600            movne            r6, #0
  137 000000F2 F244 68E0       movne            r8, #0x46e0
  138 000000F6 BF1C EBA6 
              0608             subne            r6, r6, r8
  139 000000FC 5D82            ldrbne           r2, [r0, r6]
  140 000000FE F04F 083F       mov              r8, #63     ;NUMERO DE LINHAS D
                                                            EPOIS DA PRIMEIRA 
  141 00000102 BF0C 2600       moveq            r6, #0
  142 00000106 2601            movne            r6, #1
  143 00000108 E7FF            b                move_airplane
  144 0000010A         ;36576 - 18144
  145 0000010A         move_airplane
  146 0000010A F5BB 7F90       cmp              r11, #288   ;VERIFICA SE TODAS 
                                                            AS COLUNAS JA FORAM
                                                             EFETUADAS 
  147 0000010E DCD7            bgt              speed_up_airplane
  148 00000110 4546            cmp              r6, r8
  149 00000112 BFC8 F10B 
              0B03             addgt            r11,r11,#3
  150 00000118 DCDF            bgt              row_setup_airplane
  151 0000011A 7803            ldrb             r3, [r0]
  152 0000011C 7002            strb             r2, [r0]
  153 0000011E 461A            mov              r2, r3
  154 00000120 2F00            cmp              r7, #0
  155 00000122 BF0C F500 
              7090             addeq            r0, r0, #288
  156 00000128 F5A0 7090       subne            r0, r0, #288



ARM Macro Assembler    Page 4 


  157 0000012C F106 0601       add              r6, r6, #1  ;ADICIONA 1 PARA O 
                                                            CONTADOR DE LINHAS 
                                                            
  158 00000130 E7EB            b                move_airplane
  159 00000132         
  160 00000132         finish
  161 00000132 E8BD 0FFF       pop{r0-r11}
  162 00000136 4770            bx               lr
  163 00000138         
  164 00000138                 ALIGN
  165 00000138                 END
              00000000 
              00000000 
              00000000 
Command Line: --debug --xref --diag_suppress=9931 --cpu=Cortex-M4.fp --apcs=int
erwork --depend=.\flash\img_man.d -o.\flash\img_man.o -I.\RTE\_TM4C129_Flash -I
D:\engenharia\programas\keil-arm\ARM\PACK\ARM\CMSIS\5.1.0\CMSIS\Include -ID:\en
genharia\programas\keil-arm\ARM\PACK\ARM\CMSIS\5.1.0\CMSIS\RTOS\RTX\INC -ID:\en
genharia\programas\keil-arm\ARM\PACK\Keil\TM4C_DFP\1.1.0\Device\Include\TM4C129
 --predefine="__RTX SETA 1" --predefine="__UVISION_VERSION SETA 524" --predefin
e="_RTE_ SETA 1" --predefine="TM4C1294NCPDT SETA 1" --list=.\flash\img_man.lst 
img_man.s



ARM Macro Assembler    Page 1 Alphabetic symbol ordering
Relocatable symbols

.text 00000000

Symbol: .text
   Definitions
      At line 5 in file img_man.s
   Uses
      None
Comment: .text unused
f_asm 00000000

Symbol: f_asm
   Definitions
      At line 14 in file img_man.s
   Uses
      At line 7 in file img_man.s
Comment: f_asm used once
finish 00000132

Symbol: finish
   Definitions
      At line 160 in file img_man.s
   Uses
      At line 50 in file img_man.s
      At line 53 in file img_man.s
      At line 58 in file img_man.s
      At line 61 in file img_man.s
      At line 65 in file img_man.s
      At line 84 in file img_man.s
      At line 122 in file img_man.s

line_setup 00000086

Symbol: line_setup
   Definitions
      At line 88 in file img_man.s
   Uses
      At line 86 in file img_man.s
      At line 103 in file img_man.s

load_bus 00000010

Symbol: load_bus
   Definitions
      At line 23 in file img_man.s
   Uses
      At line 19 in file img_man.s
Comment: load_bus used once
load_plane 00000014

Symbol: load_plane
   Definitions
      At line 27 in file img_man.s
   Uses
      At line 21 in file img_man.s
Comment: load_plane used once
move 000000A0

Symbol: move
   Definitions



ARM Macro Assembler    Page 2 Alphabetic symbol ordering
Relocatable symbols

      At line 99 in file img_man.s
   Uses
      At line 97 in file img_man.s
      At line 112 in file img_man.s

move_airplane 0000010A

Symbol: move_airplane
   Definitions
      At line 145 in file img_man.s
   Uses
      At line 143 in file img_man.s
      At line 158 in file img_man.s

revert_color 00000052

Symbol: revert_color
   Definitions
      At line 63 in file img_man.s
   Uses
      At line 40 in file img_man.s
      At line 70 in file img_man.s

row_setup_airplane 000000DA

Symbol: row_setup_airplane
   Definitions
      At line 127 in file img_man.s
   Uses
      At line 125 in file img_man.s
      At line 150 in file img_man.s

setup 00000018

Symbol: setup
   Definitions
      At line 32 in file img_man.s
   Uses
      At line 25 in file img_man.s
      At line 29 in file img_man.s

setup_airplane 00000046

Symbol: setup_airplane
   Definitions
      At line 54 in file img_man.s
   Uses
      At line 45 in file img_man.s
Comment: setup_airplane used once
setup_car 0000003A

Symbol: setup_car
   Definitions
      At line 47 in file img_man.s
   Uses
      At line 43 in file img_man.s
Comment: setup_car used once
speed_up 00000066




ARM Macro Assembler    Page 3 Alphabetic symbol ordering
Relocatable symbols

Symbol: speed_up
   Definitions
      At line 73 in file img_man.s
   Uses
      At line 52 in file img_man.s
      At line 101 in file img_man.s

speed_up_airplane 000000C0

Symbol: speed_up_airplane
   Definitions
      At line 114 in file img_man.s
   Uses
      At line 60 in file img_man.s
      At line 147 in file img_man.s

15 symbols



ARM Macro Assembler    Page 1 Alphabetic symbol ordering
Absolute symbols

B1 000000FF

Symbol: B1
   Definitions
      At line 1 in file img_man.s
   Uses
      At line 66 in file img_man.s
Comment: B1 used once
DIR 00000000

Symbol: DIR
   Definitions
      At line 2 in file img_man.s
   Uses
      None
Comment: DIR unused
IMG_LENGTH 00004800

Symbol: IMG_LENGTH
   Definitions
      At line 3 in file img_man.s
   Uses
      At line 37 in file img_man.s
Comment: IMG_LENGTH used once
3 symbols



ARM Macro Assembler    Page 1 Alphabetic symbol ordering
External symbols

airplane 00000000

Symbol: airplane
   Definitions
      At line 10 in file img_man.s
   Uses
      At line 28 in file img_man.s
Comment: airplane used once
buffalo 00000000

Symbol: buffalo
   Definitions
      At line 11 in file img_man.s
   Uses
      None
Comment: buffalo unused
bus 00000000

Symbol: bus
   Definitions
      At line 8 in file img_man.s
   Uses
      At line 24 in file img_man.s
Comment: bus used once
car 00000000

Symbol: car
   Definitions
      At line 9 in file img_man.s
   Uses
      None
Comment: car unused
flags 00000000

Symbol: flags
   Definitions
      At line 12 in file img_man.s
   Uses
      At line 16 in file img_man.s
      At line 75 in file img_man.s
      At line 116 in file img_man.s

5 symbols
360 symbols in table
